<?xml version="1.0" encoding="UTF-8"?>
<!-- Generated by org.testng.reporters.JUnitReportReporter -->
<testsuite hostname="mykola-X550LB" name="com.st.pinta.Login" tests="1" failures="0" timestamp="5 May 2016 09:36:07 GMT" time="7.042" errors="0">
  <testcase name="Login" time="7.042" classname="com.st.pinta.Login"/>
</testsuite> <!-- com.st.pinta.Login -->
