<?xml version="1.0" encoding="UTF-8"?>
<!-- Generated by org.testng.reporters.JUnitReportReporter -->
<testsuite hostname="mykola-X550LB" name="com.st.pinta.Login" tests="1" failures="0" timestamp="5 May 2016 09:16:51 GMT" time="15.796" errors="0">
  <testcase name="Login" time="15.796" classname="com.st.pinta.Login"/>
</testsuite> <!-- com.st.pinta.Login -->
