<?xml version="1.0" encoding="UTF-8"?>
<!-- Generated by org.testng.reporters.JUnitReportReporter -->
<testsuite hostname="mykola-X550LB" name="ua.st.pinta.Login" tests="1" failures="0" timestamp="4 May 2016 15:59:36 GMT" time="5.039" errors="0">
  <testcase name="Login" time="5.039" classname="ua.st.pinta.Login"/>
</testsuite> <!-- ua.st.pinta.Login -->
